Terminals which are not used

   FUNCTION


Grammar

    0 $accept: root $end

    1 root: IDENTIFIER
    2     | CONSTANT


Terminals, with rules where they appear

$end (0) 0
error (256)
IDENTIFIER (258) 1
FUNCTION (259)
CONSTANT (260) 2


Nonterminals, with rules where they appear

$accept (6)
    on left: 0
root (7)
    on left: 1 2, on right: 0


state 0

    0 $accept: . root $end

    IDENTIFIER  shift, and go to state 1
    CONSTANT    shift, and go to state 2

    root  go to state 3


state 1

    1 root: IDENTIFIER .

    $default  reduce using rule 1 (root)


state 2

    2 root: CONSTANT .

    $default  reduce using rule 2 (root)


state 3

    0 $accept: root . $end

    $end  shift, and go to state 4


state 4

    0 $accept: root $end .

    $default  accept
